<?xml version="1.0" encoding="UTF-8"?>
<!-- Generated by org.testng.reporters.JUnitReportReporter -->
<testsuite skipped="2" hostname="CHANDRESH" name="com.NopCommerce.TestSuit2" tests="3" failures="0" timestamp="2020-09-24T11:28:46 BST" time="27.676" errors="0">
  <testcase name="buyingBook" time="27.676" classname="com.NopCommerce.TestSuit2"/>
  <system-out/>
  <testcase name="test5" classname="com.NopCommerce.TestSuit2">
    <skipped/>
  </testcase> <!-- test5 -->
  <system-out/>
  <testcase name="test2" classname="com.NopCommerce.TestSuit2">
    <skipped/>
  </testcase> <!-- test2 -->
  <system-out/>
</testsuite> <!-- com.NopCommerce.TestSuit2 -->
