<?xml version="1.0" encoding="UTF-8"?>
<!-- Generated by org.testng.reporters.JUnitReportReporter -->
<testsuite skipped="1" hostname="CHANDRESH" name="com.NopCommerce.TestSuit" tests="2" failures="0" timestamp="2020-09-24T11:28:46 BST" time="21.584" errors="0">
  <testcase name="verifyingRegisterSuccessfully" time="21.584" classname="com.NopCommerce.TestSuit"/>
  <system-out/>
  <testcase name="clothingShoppingWithScreenShot" classname="com.NopCommerce.TestSuit">
    <skipped/>
  </testcase> <!-- clothingShoppingWithScreenShot -->
  <system-out/>
</testsuite> <!-- com.NopCommerce.TestSuit -->
