<?xml version="1.0" encoding="UTF-8"?>
<!-- Generated by org.testng.reporters.JUnitReportReporter -->
<testsuite skipped="2" hostname="CHANDRESH" name="com.NopCommerce.TestSuit2" tests="6" failures="0" timestamp="2020-10-26T15:42:08 GMT" time="77.356" errors="0">
  <testcase name="test1" time="19.287" classname="com.NopCommerce.TestSuit2"/>
  <system-out/>
  <testcase name="test3" time="9.606" classname="com.NopCommerce.TestSuit2"/>
  <system-out/>
  <testcase name="test4" time="17.200" classname="com.NopCommerce.TestSuit2"/>
  <system-out/>
  <testcase name="buyingBook" time="31.263" classname="com.NopCommerce.TestSuit2"/>
  <system-out/>
  <testcase name="test5" classname="com.NopCommerce.TestSuit2">
    <skipped/>
  </testcase> <!-- test5 -->
  <system-out/>
  <testcase name="test2" classname="com.NopCommerce.TestSuit2">
    <skipped/>
  </testcase> <!-- test2 -->
  <system-out/>
</testsuite> <!-- com.NopCommerce.TestSuit2 -->
