<?xml version="1.0" encoding="UTF-8"?>
<!-- Generated by org.testng.reporters.JUnitReportReporter -->
<testsuite skipped="1" hostname="CHANDRESH" name="com.NopCommerce.TestSuit" tests="5" failures="0" timestamp="2020-10-26T15:42:08 GMT" time="77.606" errors="0">
  <testcase name="buyingBook" time="23.897" classname="com.NopCommerce.TestSuit"/>
  <system-out/>
  <testcase name="clothingShoppingWithoutScreenShot" time="14.320" classname="com.NopCommerce.TestSuit"/>
  <system-out/>
  <testcase name="addingVirtualGiftCard" time="20.225" classname="com.NopCommerce.TestSuit"/>
  <system-out/>
  <testcase name="verifyingRegisterSuccessfully" time="19.164" classname="com.NopCommerce.TestSuit"/>
  <system-out/>
  <testcase name="clothingShoppingWithScreenShot" classname="com.NopCommerce.TestSuit">
    <skipped/>
  </testcase> <!-- clothingShoppingWithScreenShot -->
  <system-out/>
</testsuite> <!-- com.NopCommerce.TestSuit -->
